<?xml version="1.0" encoding="UTF-8"?>
<!-- Generated by org.testng.reporters.JUnitReportReporter -->
<testsuite hostname="HYDMBCP0911" failures="0" tests="2" name="Cucumber.TESTNGTestRunner" time="34.115" errors="0" timestamp="2024-10-14T22:31:36 IST" skipped="0">
  <testcase classname="Cucumber.TESTNGTestRunner" name="runScenario" time="9.020"/>
  <testcase classname="Cucumber.TESTNGTestRunner" name="runScenario" time="25.095"/>
</testsuite> <!-- Cucumber.TESTNGTestRunner -->
