<?xml version="1.0" encoding="UTF-8"?>
<!-- Generated by org.testng.reporters.JUnitReportReporter -->
<testsuite hostname="HYDMBCP0911" failures="0" tests="2" name="Selenium.Tests.ErrorValidations" time="16.890" errors="0" timestamp="2024-10-09T12:12:11 IST" skipped="0">
  <testcase classname="Selenium.Tests.ErrorValidations" name="loginErrorValidation" time="8.650"/>
  <testcase classname="Selenium.Tests.ErrorValidations" name="productErrorValidation" time="8.240"/>
</testsuite> <!-- Selenium.Tests.ErrorValidations -->
