<?xml version="1.0" encoding="UTF-8"?>
<!-- Generated by org.testng.reporters.JUnitReportReporter -->
<testsuite hostname="HYDMBCP0911" failures="0" tests="3" name="Selenium.Tests.SubmitOrderTest" time="46.379" errors="0" timestamp="2024-10-07T20:34:49 IST" skipped="0">
  <testcase classname="Selenium.Tests.SubmitOrderTest" name="submitOrder" time="27.451"/>
  <testcase classname="Selenium.Tests.SubmitOrderTest" name="VerifyOrder" time="6.912"/>
  <testcase classname="Selenium.Tests.SubmitOrderTest" name="submitOrder" time="12.016"/>
</testsuite> <!-- Selenium.Tests.SubmitOrderTest -->
