<?xml version="1.0" encoding="UTF-8"?>
<!-- Generated by org.testng.reporters.JUnitReportReporter -->
<testsuite hostname="HYDMBCP0911" failures="0" tests="2" name="Selenium.Tests.SubmitOrderTest" time="47.552" errors="0" timestamp="2024-10-08T15:38:11 IST" skipped="0">
  <testcase classname="Selenium.Tests.SubmitOrderTest" name="submitOrder" time="24.986"/>
  <testcase classname="Selenium.Tests.SubmitOrderTest" name="submitOrder" time="22.566"/>
</testsuite> <!-- Selenium.Tests.SubmitOrderTest -->
