<?xml version="1.0" encoding="UTF-8"?>
<!-- Generated by org.testng.reporters.JUnitReportReporter -->
<testsuite hostname="HYDMBCP0911" failures="0" tests="1" name="Cucumber.TESTNGTestRunner" time="24.952" errors="0" timestamp="2024-10-18T15:32:51 IST" skipped="0">
  <testcase classname="Cucumber.TESTNGTestRunner" name="runScenario" time="24.952"/>
</testsuite> <!-- Cucumber.TESTNGTestRunner -->
