<?xml version="1.0" encoding="UTF-8"?>
<!-- Generated by org.testng.reporters.JUnitReportReporter -->
<testsuite hostname="HYDMBCP0911" failures="0" tests="2" name="Selenium.Tests.ErrorValidations" time="33.642" errors="0" timestamp="2024-10-08T15:36:15 IST" skipped="0">
  <testcase classname="Selenium.Tests.ErrorValidations" name="loginErrorValidation" time="14.046"/>
  <testcase classname="Selenium.Tests.ErrorValidations" name="productErrorValidation" time="19.596"/>
</testsuite> <!-- Selenium.Tests.ErrorValidations -->
